<?xml version="1.0" encoding="UTF-8"?>
<!-- Generated by org.testng.reporters.JUnitXMLReporter -->
<testsuite ignored="3" hostname="DESKTOP-OFA3VR4" failures="0" tests="1" name="User Management Tests" time="122.633" errors="0" timestamp="2025-10-23T15:33:23 IST">
  <testcase classname="com.tests.UserManagementTest" name="testCompleteUserManagementFlow" time="99.705"/>
  <testcase classname="com.tests.UserManagementTest" name="testAddUserOnly" time="0.0">
    <ignored/>
  </testcase> <!-- testAddUserOnly -->
  <testcase classname="com.tests.UserManagementTest" name="testLoginOnly" time="0.0">
    <ignored/>
  </testcase> <!-- testLoginOnly -->
  <testcase classname="com.tests.UserManagementTest" name="testSearchUserOnly" time="0.0">
    <ignored/>
  </testcase> <!-- testSearchUserOnly -->
</testsuite> <!-- User Management Tests -->
